<?xml version="1.0" encoding="UTF-8"?>
<!-- Generated by org.testng.reporters.JUnitXMLReporter -->
<testsuite hostname="DesWin07-0139" ignored="2" tests="0" failures="0" timestamp="24 Jul 2017 13:35:30 GMT" time="0.009" errors="0">
  <testcase name="testLogin" time="0.0" classname="com.nimr.tests.Test1">
    <ignored/>
  </testcase> <!-- testLogin -->
  <testcase name="testIvalid" time="0.0" classname="com.nimr.tests.Test1">
    <ignored/>
  </testcase> <!-- testIvalid -->
</testsuite>
