<?xml version="1.0" encoding="UTF-8"?>
<!-- Generated by org.testng.reporters.JUnitXMLReporter -->
<testsuite hostname="DesWin07-0139" ignored="0" name="Test1" tests="2" failures="0" timestamp="24 Jul 2017 13:27:27 GMT" time="0.101" errors="0">
  <testcase name="@BeforeMethod openApp" time="0.043" classname="generics.baseTest">
    <failure type="org.openqa.selenium.WebDriverException" message="The best matching driver provider org.openqa.selenium.edge.EdgeDriver can&amp;apos;t create a new driver instance for Capabilities [{browserName=fireFox}]
Build info: version: &amp;apos;3.4.0&amp;apos;, revision: &amp;apos;unknown&amp;apos;, time: &amp;apos;unknown&amp;apos;
System info: host: &amp;apos;DESWIN07-0139&amp;apos;, ip: &amp;apos;10.0.100.61&amp;apos;, os.name: &amp;apos;Windows 7&amp;apos;, os.arch: &amp;apos;x86&amp;apos;, os.version: &amp;apos;6.1&amp;apos;, java.version: &amp;apos;1.8.0_121&amp;apos;
Driver info: driver.version: unknown
Command duration or timeout: 16 milliseconds">
      <![CDATA[org.openqa.selenium.WebDriverException: The best matching driver provider org.openqa.selenium.edge.EdgeDriver can't create a new driver instance for Capabilities [{browserName=fireFox}]
Build info: version: '3.4.0', revision: 'unknown', time: 'unknown'
System info: host: 'DESWIN07-0139', ip: '10.0.100.61', os.name: 'Windows 7', os.arch: 'x86', os.version: '6.1', java.version: '1.8.0_121'
Driver info: driver.version: unknown
Command duration or timeout: 16 milliseconds
	at org.openqa.selenium.remote.ErrorHandler.createThrowable(ErrorHandler.java:215)
	at org.openqa.selenium.remote.ErrorHandler.throwIfResponseFailed(ErrorHandler.java:167)
	at org.openqa.selenium.remote.JsonWireProtocolResponse.lambda$new$0(JsonWireProtocolResponse.java:53)
	at org.openqa.selenium.remote.JsonWireProtocolResponse.lambda$getResponseFunction$2(JsonWireProtocolResponse.java:91)
	at org.openqa.selenium.remote.ProtocolHandshake.lambda$createSession$22(ProtocolHandshake.java:365)
	at java.util.stream.ReferencePipeline$3$1.accept(Unknown Source)
	at java.util.Spliterators$ArraySpliterator.tryAdvance(Unknown Source)
	at java.util.stream.ReferencePipeline.forEachWithCancel(Unknown Source)
	at java.util.stream.AbstractPipeline.copyIntoWithCancel(Unknown Source)
	at java.util.stream.AbstractPipeline.copyInto(Unknown Source)
	at java.util.stream.AbstractPipeline.wrapAndCopyInto(Unknown Source)
	at java.util.stream.FindOps$FindOp.evaluateSequential(Unknown Source)
	at java.util.stream.AbstractPipeline.evaluate(Unknown Source)
	at java.util.stream.ReferencePipeline.findFirst(Unknown Source)
	at org.openqa.selenium.remote.ProtocolHandshake.createSession(ProtocolHandshake.java:368)
	at org.openqa.selenium.remote.ProtocolHandshake.createSession(ProtocolHandshake.java:159)
	at org.openqa.selenium.remote.HttpCommandExecutor.execute(HttpCommandExecutor.java:142)
	at org.openqa.selenium.remote.RemoteWebDriver.execute(RemoteWebDriver.java:637)
	at org.openqa.selenium.remote.RemoteWebDriver.startSession(RemoteWebDriver.java:250)
	at org.openqa.selenium.remote.RemoteWebDriver.startSession(RemoteWebDriver.java:236)
	at org.openqa.selenium.remote.RemoteWebDriver.<init>(RemoteWebDriver.java:137)
	at org.openqa.selenium.remote.RemoteWebDriver.<init>(RemoteWebDriver.java:174)
	at generics.baseTest.openApp(baseTest.java:38)
Caused by: org.openqa.selenium.WebDriverException: The best matching driver provider org.openqa.selenium.edge.EdgeDriver can't create a new driver instance for Capabilities [{browserName=fireFox}]
Build info: version: '3.4.0', revision: 'unknown', time: 'unknown'
System info: host: 'DESWIN07-0139', ip: '10.0.100.61', os.name: 'Windows 7', os.arch: 'x86', os.version: '6.1', java.version: '1.8.0_121'
Driver info: driver.version: unknown
Build info: version: 'unknown', revision: 'unknown', time: 'unknown'
System info: host: 'DESWIN07-0139', ip: '10.0.100.61', os.name: 'Windows 7', os.arch: 'x86', os.version: '6.1', java.version: '1.8.0_121'
Driver info: driver.version: unknown
	at org.openqa.selenium.remote.server.DefaultDriverFactory.newInstance(DefaultDriverFactory.java:62)
	at org.openqa.selenium.remote.server.DefaultSession$BrowserCreator.call(DefaultSession.java:222)
	at org.openqa.selenium.remote.server.DefaultSession$BrowserCreator.call(DefaultSession.java:209)
	at java.util.concurrent.FutureTask.run(Unknown Source)
	at org.openqa.selenium.remote.server.DefaultSession$1.run(DefaultSession.java:176)
	at java.util.concurrent.ThreadPoolExecutor.runWorker(Unknown Source)
	at java.util.concurrent.ThreadPoolExecutor$Worker.run(Unknown Source)
	at java.lang.Thread.run(Unknown Source)
... Removed 31 stack frames]]>
    </failure>
  </testcase> <!-- @BeforeMethod openApp -->
  <testcase name="@BeforeMethod openApp" time="0.034" classname="generics.baseTest">
    <failure type="org.openqa.selenium.WebDriverException" message="The best matching driver provider org.openqa.selenium.edge.EdgeDriver can&amp;apos;t create a new driver instance for Capabilities [{browserName=fireFox}]
Build info: version: &amp;apos;3.4.0&amp;apos;, revision: &amp;apos;unknown&amp;apos;, time: &amp;apos;unknown&amp;apos;
System info: host: &amp;apos;DESWIN07-0139&amp;apos;, ip: &amp;apos;10.0.100.61&amp;apos;, os.name: &amp;apos;Windows 7&amp;apos;, os.arch: &amp;apos;x86&amp;apos;, os.version: &amp;apos;6.1&amp;apos;, java.version: &amp;apos;1.8.0_121&amp;apos;
Driver info: driver.version: unknown
Command duration or timeout: 19 milliseconds">
      <![CDATA[org.openqa.selenium.WebDriverException: The best matching driver provider org.openqa.selenium.edge.EdgeDriver can't create a new driver instance for Capabilities [{browserName=fireFox}]
Build info: version: '3.4.0', revision: 'unknown', time: 'unknown'
System info: host: 'DESWIN07-0139', ip: '10.0.100.61', os.name: 'Windows 7', os.arch: 'x86', os.version: '6.1', java.version: '1.8.0_121'
Driver info: driver.version: unknown
Command duration or timeout: 19 milliseconds
	at org.openqa.selenium.remote.ErrorHandler.createThrowable(ErrorHandler.java:215)
	at org.openqa.selenium.remote.ErrorHandler.throwIfResponseFailed(ErrorHandler.java:167)
	at org.openqa.selenium.remote.JsonWireProtocolResponse.lambda$new$0(JsonWireProtocolResponse.java:53)
	at org.openqa.selenium.remote.JsonWireProtocolResponse.lambda$getResponseFunction$2(JsonWireProtocolResponse.java:91)
	at org.openqa.selenium.remote.ProtocolHandshake.lambda$createSession$22(ProtocolHandshake.java:365)
	at java.util.stream.ReferencePipeline$3$1.accept(Unknown Source)
	at java.util.Spliterators$ArraySpliterator.tryAdvance(Unknown Source)
	at java.util.stream.ReferencePipeline.forEachWithCancel(Unknown Source)
	at java.util.stream.AbstractPipeline.copyIntoWithCancel(Unknown Source)
	at java.util.stream.AbstractPipeline.copyInto(Unknown Source)
	at java.util.stream.AbstractPipeline.wrapAndCopyInto(Unknown Source)
	at java.util.stream.FindOps$FindOp.evaluateSequential(Unknown Source)
	at java.util.stream.AbstractPipeline.evaluate(Unknown Source)
	at java.util.stream.ReferencePipeline.findFirst(Unknown Source)
	at org.openqa.selenium.remote.ProtocolHandshake.createSession(ProtocolHandshake.java:368)
	at org.openqa.selenium.remote.ProtocolHandshake.createSession(ProtocolHandshake.java:159)
	at org.openqa.selenium.remote.HttpCommandExecutor.execute(HttpCommandExecutor.java:142)
	at org.openqa.selenium.remote.RemoteWebDriver.execute(RemoteWebDriver.java:637)
	at org.openqa.selenium.remote.RemoteWebDriver.startSession(RemoteWebDriver.java:250)
	at org.openqa.selenium.remote.RemoteWebDriver.startSession(RemoteWebDriver.java:236)
	at org.openqa.selenium.remote.RemoteWebDriver.<init>(RemoteWebDriver.java:137)
	at org.openqa.selenium.remote.RemoteWebDriver.<init>(RemoteWebDriver.java:174)
	at generics.baseTest.openApp(baseTest.java:38)
Caused by: org.openqa.selenium.WebDriverException: The best matching driver provider org.openqa.selenium.edge.EdgeDriver can't create a new driver instance for Capabilities [{browserName=fireFox}]
Build info: version: '3.4.0', revision: 'unknown', time: 'unknown'
System info: host: 'DESWIN07-0139', ip: '10.0.100.61', os.name: 'Windows 7', os.arch: 'x86', os.version: '6.1', java.version: '1.8.0_121'
Driver info: driver.version: unknown
Build info: version: 'unknown', revision: 'unknown', time: 'unknown'
System info: host: 'DESWIN07-0139', ip: '10.0.100.61', os.name: 'Windows 7', os.arch: 'x86', os.version: '6.1', java.version: '1.8.0_121'
Driver info: driver.version: unknown
	at org.openqa.selenium.remote.server.DefaultDriverFactory.newInstance(DefaultDriverFactory.java:62)
	at org.openqa.selenium.remote.server.DefaultSession$BrowserCreator.call(DefaultSession.java:222)
	at org.openqa.selenium.remote.server.DefaultSession$BrowserCreator.call(DefaultSession.java:209)
	at java.util.concurrent.FutureTask.run(Unknown Source)
	at org.openqa.selenium.remote.server.DefaultSession$1.run(DefaultSession.java:176)
	at java.util.concurrent.ThreadPoolExecutor.runWorker(Unknown Source)
	at java.util.concurrent.ThreadPoolExecutor$Worker.run(Unknown Source)
	at java.lang.Thread.run(Unknown Source)
... Removed 31 stack frames]]>
    </failure>
  </testcase> <!-- @BeforeMethod openApp -->
  <testcase name="testLogin" time="0.0" classname="com.nimr.tests.Test1">
    <skipped/>
  </testcase> <!-- testLogin -->
  <testcase name="testIvalid" time="0.0" classname="com.nimr.tests.Test1">
    <skipped/>
  </testcase> <!-- testIvalid -->
</testsuite> <!-- Test1 -->
